java.lang.UnsatisfiedLinkError: D:\PEg\JAVA\tomcatV7.0\bin\tcnative-1.dll: Can't load IA 32-bit .dll on a AMD 64-bit platform
	at java.lang.ClassLoader$NativeLibrary.load(Native Method)
	at java.lang.ClassLoader.loadLibrary1(ClassLoader.java:1965)
	at java.lang.ClassLoader.loadLibrary0(ClassLoader.java:1890)
	at java.lang.ClassLoader.loadLibrary(ClassLoader.java:1880)
	at java.lang.Runtime.loadLibrary0(Runtime.java:849)
	at java.lang.System.loadLibrary(System.java:1088)
	at org.apache.tomcat.jni.Library.<init>(Library.java:42)
	at org.apache.tomcat.jni.Library.initialize(Library.java:174)
	at sun.reflect.NativeMethodAccessorImpl.invoke0(Native Method)
	at sun.reflect.NativeMethodAccessorImpl.invoke(NativeMethodAccessorImpl.java:57)
	at sun.reflect.DelegatingMethodAccessorImpl.invoke(DelegatingMethodAccessorImpl.java:43)
	at java.lang.reflect.Method.invoke(Method.java:606)
	at org.apache.catalina.core.AprLifecycleListener.init(AprLifecycleListener.java:164)
	at org.apache.catalina.core.AprLifecycleListener.isAprAvailable(AprLifecycleListener.java:81)
	at org.apache.catalina.connector.Connector.setProtocol(Connector.java:541)
	at org.apache.catalina.connector.Connector.<init>(Connector.java:71)
	at org.apache.catalina.startup.ConnectorCreateRule.begin(ConnectorCreateRule.java:62)
	at org.apache.tomcat.util.digester.Digester.startElement(Digester.java:1282)
	at com.sun.org.apache.xerces.internal.parsers.AbstractSAXParser.startElement(AbstractSAXParser.java:509)
	at com.sun.org.apache.xerces.internal.parsers.AbstractXMLDocumentParser.emptyElement(AbstractXMLDocumentParser.java:182)
	at com.sun.org.apache.xerces.internal.impl.XMLDocumentFragmentScannerImpl.scanStartElement(XMLDocumentFragmentScannerImpl.java:1343)
	at com.sun.org.apache.xerces.internal.impl.XMLDocumentFragmentScannerImpl$FragmentContentDriver.next(XMLDocumentFragmentScannerImpl.java:2786)
	at com.sun.org.apache.xerces.internal.impl.XMLDocumentScannerImpl.next(XMLDocumentScannerImpl.java:606)
	at com.sun.org.apache.xerces.internal.impl.XMLDocumentFragmentScannerImpl.scanDocument(XMLDocumentFragmentScannerImpl.java:510)
	at com.sun.org.apache.xerces.internal.parsers.XML11Configuration.parse(XML11Configuration.java:848)
	at com.sun.org.apache.xerces.internal.parsers.XML11Configuration.parse(XML11Configuration.java:777)
	at com.sun.org.apache.xerces.internal.parsers.XMLParser.parse(XMLParser.java:141)
	at com.sun.org.apache.xerces.internal.parsers.AbstractSAXParser.parse(AbstractSAXParser.java:1213)
	at com.sun.org.apache.xerces.internal.jaxp.SAXParserImpl$JAXPSAXParser.parse(SAXParserImpl.java:648)
	at org.apache.tomcat.util.digester.Digester.parse(Digester.java:1543)
	at org.apache.catalina.startup.Catalina.load(Catalina.java:554)
	at org.apache.catalina.startup.Catalina.load(Catalina.java:595)
	at sun.reflect.NativeMethodAccessorImpl.invoke0(Native Method)
	at sun.reflect.NativeMethodAccessorImpl.invoke(NativeMethodAccessorImpl.java:57)
	at sun.reflect.DelegatingMethodAccessorImpl.invoke(DelegatingMethodAccessorImpl.java:43)
	at java.lang.reflect.Method.invoke(Method.java:606)
	at org.apache.catalina.startup.Bootstrap.load(Bootstrap.java:262)
	at org.apache.catalina.startup.Bootstrap.main(Bootstrap.java:430)
Jan 07, 2017 1:51:12 PM org.apache.catalina.core.AprLifecycleListener init
INFO: The APR based Apache Tomcat Native library which allows optimal performance in production environments was not found on the java.library.path: D:\jan4Studio7\Java\jdk1.7.0_67\bin;C:\Windows\Sun\Java\bin;C:\Windows\system32;C:\Windows;C:\Users\kh1924\bin;C:\Program Files\Git\mingw64\bin;C:\Program Files\Git\usr\local\bin;C:\Program Files\Git\usr\bin;C:\Program Files\Git\usr\bin;C:\Program Files\Git\mingw64\bin;C:\Program Files\Git\usr\bin;C:\Users\kh1924\bin;C:\Windows\system32;C:\Windows;C:\Windows\System32\Wbem;C:\Windows\System32\WindowsPowerShell\v1.0;C:\Program Files (x86)\Skype\Phone;C:\Program Files\Git\cmd;C:\Users\kh1924\AppData\Local\Microsoft\WindowsApps;D:\jan4Studio7\gradle\bin;D:\jan4Studio7\ImageMagick;D:\jan4Studio7\Ant\bin;D:\and\android-sdk-windows\platform-tools;D:\and\android-sdk-windows\tools;D:\jan4Studio7\Java\jdk1.7.0_67\bin;C:\Program Files\Git\usr\bin\vendor_perl;C:\Program Files\Git\usr\bin\core_perl;.
Jan 07, 2017 1:51:12 PM org.apache.coyote.AbstractProtocolHandler init
INFO: Initializing ProtocolHandler ["http-bio-8080"]
Jan 07, 2017 1:51:12 PM org.apache.coyote.AbstractProtocolHandler init
INFO: Initializing ProtocolHandler ["ajp-bio-8009"]
Jan 07, 2017 1:51:12 PM org.apache.catalina.startup.Catalina load
INFO: Initialization processed in 625 ms
Jan 07, 2017 1:51:12 PM org.apache.catalina.core.StandardService startInternal
INFO: Starting service Catalina
Jan 07, 2017 1:51:12 PM org.apache.catalina.core.StandardEngine startInternal
INFO: Starting Servlet Engine: Apache Tomcat/7.0.12
Jan 07, 2017 1:51:12 PM org.apache.catalina.startup.HostConfig deployDirectory
INFO: Deploying web application directory docs
Jan 07, 2017 1:51:12 PM org.apache.catalina.startup.HostConfig deployDirectory
INFO: Deploying web application directory examples
Jan 07, 2017 1:51:13 PM org.apache.catalina.startup.HostConfig deployDirectory
INFO: Deploying web application directory host-manager
Jan 07, 2017 1:51:13 PM org.apache.catalina.startup.HostConfig deployDirectory
INFO: Deploying web application directory manager
Jan 07, 2017 1:51:13 PM org.apache.catalina.startup.HostConfig deployDirectory
INFO: Deploying web application directory ROOT
Jan 07, 2017 1:51:13 PM org.apache.coyote.AbstractProtocolHandler start
INFO: Starting ProtocolHandler ["http-bio-8080"]
Jan 07, 2017 1:51:13 PM org.apache.coyote.AbstractProtocolHandler start
INFO: Starting ProtocolHandler ["ajp-bio-8009"]
Jan 07, 2017 1:51:13 PM org.apache.catalina.startup.Catalina start
INFO: Server startup in 731 ms
Jan 07, 2017 2:06:13 PM org.apache.catalina.startup.HostConfig checkResources
INFO: Reloading context []
Jan 07, 2017 2:06:14 PM org.apache.catalina.startup.HostConfig checkResources
INFO: Reloading context [/manager]
Jan 07, 2017 2:06:14 PM org.apache.catalina.startup.HostConfig checkResources
INFO: Reloading context [/docs]
Jan 07, 2017 2:06:15 PM org.apache.catalina.startup.HostConfig checkResources
INFO: Reloading context [/examples]
Jan 07, 2017 2:06:15 PM org.apache.catalina.startup.HostConfig checkResources
INFO: Reloading context [/host-manager]
Jan 07, 2017 2:06:26 PM org.apache.catalina.startup.HostConfig checkResources
INFO: Reloading context []
Jan 07, 2017 2:06:26 PM org.apache.catalina.startup.HostConfig checkResources
INFO: Reloading context [/manager]
Jan 07, 2017 2:06:27 PM org.apache.catalina.startup.HostConfig checkResources
INFO: Reloading context [/docs]
Jan 07, 2017 2:06:27 PM org.apache.catalina.startup.HostConfig checkResources
INFO: Reloading context [/examples]
Jan 07, 2017 2:06:28 PM org.apache.catalina.startup.HostConfig checkResources
INFO: Reloading context [/host-manager]
